{
  "0 debug pnpm:scope": {
    "selected": 1,
    "workspacePrefix": "/Users/dongliang/Desktop/workspace/data-fe"
  },
  "1 info pnpm": {
    "err": {
      "name": "Error",
      "message": "not found: io",
      "code": "ENOENT",
      "stack": "Error: not found: io\n    at getNotFoundError (/Users/dongliang/.nvm/versions/node/v16.13.1/lib/node_modules/pnpm/dist/pnpm.cjs:41772:51)\n    at Function.whichSync [as sync] (/Users/dongliang/.nvm/versions/node/v16.13.1/lib/node_modules/pnpm/dist/pnpm.cjs:41849:13)\n    at getCommandAbsolutePathSync (/Users/dongliang/.nvm/versions/node/v16.13.1/lib/node_modules/pnpm/dist/pnpm.cjs:43414:44)\n    at default_1 (/Users/dongliang/.nvm/versions/node/v16.13.1/lib/node_modules/pnpm/dist/pnpm.cjs:43423:32)\n    at /Users/dongliang/.nvm/versions/node/v16.13.1/lib/node_modules/pnpm/dist/pnpm.cjs:180592:39"
    }
  },
  "2 error pnpm": {
    "code": "ERR_PNPM_RECURSIVE_EXEC_FIRST_FAIL",
    "prefix": "/Users/dongliang/Desktop/workspace/data-fe/packages/pan",
    "err": {
      "name": "pnpm",
      "message": "not found: io",
      "code": "ERR_PNPM_RECURSIVE_EXEC_FIRST_FAIL",
      "stack": "Error: not found: io\n    at getNotFoundError (/Users/dongliang/.nvm/versions/node/v16.13.1/lib/node_modules/pnpm/dist/pnpm.cjs:41772:51)\n    at Function.whichSync [as sync] (/Users/dongliang/.nvm/versions/node/v16.13.1/lib/node_modules/pnpm/dist/pnpm.cjs:41849:13)\n    at getCommandAbsolutePathSync (/Users/dongliang/.nvm/versions/node/v16.13.1/lib/node_modules/pnpm/dist/pnpm.cjs:43414:44)\n    at default_1 (/Users/dongliang/.nvm/versions/node/v16.13.1/lib/node_modules/pnpm/dist/pnpm.cjs:43423:32)\n    at /Users/dongliang/.nvm/versions/node/v16.13.1/lib/node_modules/pnpm/dist/pnpm.cjs:180592:39"
    }
  }
}